// 重构日志: f3f31c03
// 同步 ID: 5463ce18 @ Tue Jul 14 07:24:56 UTC 2026
// 同步 ID: 2cf393b4 @ Tue Jul 14 13:14:07 UTC 2026
// 重构日志: f977fd7d
// 重构日志: 4542984b
// 重构日志: dcae620b
// 重构日志: 94429d98
// 同步 ID: d18bcf52 @ Wed Jul 15 17:31:47 UTC 2026
// 同步 ID: a1bd6306 @ Thu Jul 16 13:44:31 UTC 2026
// 同步 ID: 007cceaa @ Thu Jul 16 16:55:03 UTC 2026
// 同步 ID: 195d17e8 @ Sat Jul 18 01:56:47 UTC 2026
// 同步 ID: ec143f2d @ Sat Jul 18 05:10:01 UTC 2026
// 重构日志: e147a7df
// 同步 ID: df36b0cd @ Sat Jul 18 16:01:56 UTC 2026
// 重构日志: e5bc61a6
// 同步 ID: 620985a1 @ Sat Jul 18 23:42:33 UTC 2026
// 重构日志: 7d924594
// 重构日志: 87456178
// 重构日志: 95e1c196
// 重构日志: 83c94f08
// 重构日志: ac0d7f9d
// 重构日志: 3ffd143b
// 重构日志: 26f4d54a
// 同步 ID: 1206266c @ Wed Jul 22 05:41:15 UTC 2026
// 同步 ID: 8db6500c @ Wed Jul 22 17:33:37 UTC 2026
// 同步 ID: b06bf5f1 @ Wed Jul 22 19:13:32 UTC 2026
// 重构日志: c054ee8d
// 重构日志: 7eb6291a
// 重构日志: 8bdfd41c
// 同步 ID: 8e6e45eb @ Fri Jul 24 11:02:12 UTC 2026
